[INFO] Scanning for projects...
[INFO] Inspecting build with total of 1 modules
[INFO] Installing Central Publishing features
[INFO] 
[INFO] ---------------< com.brihaspathee.artemis:auth-service >----------------
[INFO] Building auth-service 1.0.2
[INFO] --------------------------------[ jar ]---------------------------------
[INFO] 
[INFO] --- maven-clean-plugin:3.4.1:clean (default-clean) @ auth-service ---
[INFO] Deleting /Users/balaji/Documents/mac-mini/Projects.nosync/artemis/services/auth-service/target
[INFO] 
[INFO] --- maven-resources-plugin:3.3.1:resources (default-resources) @ auth-service ---
[INFO] Copying 3 resources from src/main/resources to target/classes
[INFO] Copying 0 resource from src/main/resources to target/classes
[INFO] 
[INFO] --- maven-compiler-plugin:3.8.1:compile (default-compile) @ auth-service ---
[INFO] Changes detected - recompiling the module!
[INFO] Compiling 43 source files to /Users/balaji/Documents/mac-mini/Projects.nosync/artemis/services/auth-service/target/classes
[INFO] 
[INFO] --- maven-resources-plugin:3.3.1:testResources (default-testResources) @ auth-service ---
[INFO] Copying 1 resource from src/test/resources to target/test-classes
[INFO] 
[INFO] --- maven-compiler-plugin:3.8.1:testCompile (default-testCompile) @ auth-service ---
[INFO] Changes detected - recompiling the module!
[INFO] Compiling 1 source file to /Users/balaji/Documents/mac-mini/Projects.nosync/artemis/services/auth-service/target/test-classes
[INFO] 
[INFO] --- maven-surefire-plugin:3.5.2:test (default-test) @ auth-service ---
[INFO] Using auto detected provider org.apache.maven.surefire.junitplatform.JUnitPlatformProvider
[INFO] 
[INFO] -------------------------------------------------------
[INFO]  T E S T S
[INFO] -------------------------------------------------------
[INFO] Running com.brihaspathee.artemis.AuthServiceApplicationTests
13:28:32.933 [main] INFO org.springframework.test.context.support.AnnotationConfigContextLoaderUtils -- Could not detect default configuration classes for test class [com.brihaspathee.artemis.AuthServiceApplicationTests]: AuthServiceApplicationTests does not declare any static, non-private, non-final, nested classes annotated with @Configuration.
13:28:33.003 [main] INFO org.springframework.boot.test.context.SpringBootTestContextBootstrapper -- Found @SpringBootConfiguration com.brihaspathee.artemis.AuthServiceApplication for test class com.brihaspathee.artemis.AuthServiceApplicationTests

  .   ____          _            __ _ _
 /\\ / ___'_ __ _ _(_)_ __  __ _ \ \ \ \
( ( )\___ | '_ | '_| | '_ \/ _` | \ \ \ \
 \\/  ___)| |_)| | | | | || (_| |  ) ) ) )
  '  |____| .__|_| |_|_| |_\__, | / / / /
 =========|_|==============|___/=/_/_/_/

 :: Spring Boot ::                (v3.4.4)

2025-05-06T13:28:33.341-04:00  INFO 18786 --- [auth-service] [           main] c.b.artemis.AuthServiceApplicationTests  : Starting AuthServiceApplicationTests using Java 21.0.3 with PID 18786 (started by balaji in /Users/balaji/Documents/mac-mini/Projects.nosync/artemis/services/auth-service)
2025-05-06T13:28:33.342-04:00  INFO 18786 --- [auth-service] [           main] c.b.artemis.AuthServiceApplicationTests  : The following 1 profile is active: "unit-test"
2025-05-06T13:28:33.890-04:00  INFO 18786 --- [auth-service] [           main] .s.d.r.c.RepositoryConfigurationDelegate : Bootstrapping Spring Data MongoDB repositories in DEFAULT mode.
2025-05-06T13:28:33.978-04:00  INFO 18786 --- [auth-service] [           main] .s.d.r.c.RepositoryConfigurationDelegate : Finished Spring Data repository scanning in 83 ms. Found 4 MongoDB repository interfaces.
2025-05-06T13:28:34.105-04:00  INFO 18786 --- [auth-service] [           main] o.s.cloud.context.scope.GenericScope     : BeanFactory id=95274fec-50dc-3dc3-9094-b63a0f7b0552
2025-05-06T13:28:34.295-04:00  INFO 18786 --- [auth-service] [           main] org.mongodb.driver.client                : MongoClient with metadata {"driver": {"name": "mongo-java-driver|sync|spring-boot", "version": "5.2.1"}, "os": {"type": "Darwin", "name": "Mac OS X", "architecture": "aarch64", "version": "15.3.2"}, "platform": "Java/Oracle Corporation/21.0.3+7-LTS-152"} created with settings MongoClientSettings{readPreference=primary, writeConcern=WriteConcern{w=null, wTimeout=null ms, journal=null}, retryWrites=true, retryReads=true, readConcern=ReadConcern{level=null}, credential=MongoCredential{mechanism=null, userName='authserviceadmin', source='auth-service', password=<hidden>, mechanismProperties=<hidden>}, transportSettings=null, commandListeners=[io.micrometer.core.instrument.binder.mongodb.MongoMetricsCommandListener@1851c7d2], codecRegistry=ProvidersCodecRegistry{codecProviders=[ValueCodecProvider{}, BsonValueCodecProvider{}, DBRefCodecProvider{}, DBObjectCodecProvider{}, DocumentCodecProvider{}, CollectionCodecProvider{}, IterableCodecProvider{}, MapCodecProvider{}, GeoJsonCodecProvider{}, GridFSFileCodecProvider{}, Jsr310CodecProvider{}, JsonObjectCodecProvider{}, BsonCodecProvider{}, EnumCodecProvider{}, com.mongodb.client.model.mql.ExpressionCodecProvider@250a946, com.mongodb.Jep395RecordCodecProvider@5fe5c68b, com.mongodb.KotlinCodecProvider@2ffb0d10]}, loggerSettings=LoggerSettings{maxDocumentLength=1000}, clusterSettings={hosts=[localhost:27019], srvServiceName=mongodb, mode=SINGLE, requiredClusterType=UNKNOWN, requiredReplicaSetName='null', serverSelector='null', clusterListeners='[]', serverSelectionTimeout='30000 ms', localThreshold='15 ms'}, socketSettings=SocketSettings{connectTimeoutMS=10000, readTimeoutMS=0, receiveBufferSize=0, proxySettings=ProxySettings{host=null, port=null, username=null, password=null}}, heartbeatSocketSettings=SocketSettings{connectTimeoutMS=10000, readTimeoutMS=10000, receiveBufferSize=0, proxySettings=ProxySettings{host=null, port=null, username=null, password=null}}, connectionPoolSettings=ConnectionPoolSettings{maxSize=100, minSize=0, maxWaitTimeMS=120000, maxConnectionLifeTimeMS=0, maxConnectionIdleTimeMS=0, maintenanceInitialDelayMS=0, maintenanceFrequencyMS=60000, connectionPoolListeners=[io.micrometer.core.instrument.binder.mongodb.MongoMetricsConnectionPoolListener@3982206a], maxConnecting=2}, serverSettings=ServerSettings{heartbeatFrequencyMS=10000, minHeartbeatFrequencyMS=500, serverMonitoringMode=AUTO, serverListeners='[]', serverMonitorListeners='[]'}, sslSettings=SslSettings{enabled=false, invalidHostNameAllowed=false, context=null}, applicationName='null', compressorList=[], uuidRepresentation=JAVA_LEGACY, serverApi=null, autoEncryptionSettings=null, dnsClient=null, inetAddressResolver=null, contextProvider=null, timeoutMS=null}
2025-05-06T13:28:34.316-04:00  INFO 18786 --- [auth-service] [localhost:27019] org.mongodb.driver.cluster               : Monitor thread successfully connected to server with description ServerDescription{address=localhost:27019, type=STANDALONE, cryptd=false, state=CONNECTED, ok=true, minWireVersion=0, maxWireVersion=17, maxDocumentSize=16777216, logicalSessionTimeoutMinutes=30, roundTripTimeNanos=11095667, minRoundTripTimeNanos=0}
2025-05-06T13:28:34.556-04:00  INFO 18786 --- [auth-service] [           main] eAuthenticationProviderManagerConfigurer : Global AuthenticationManager configured with AuthenticationProvider bean with name artemisAuthenticationProvider
2025-05-06T13:28:34.764-04:00  INFO 18786 --- [auth-service] [           main] o.s.b.a.e.web.EndpointLinksResolver      : Exposing 1 endpoint beneath base path '/actuator'
2025-05-06T13:28:35.011-04:00  INFO 18786 --- [auth-service] [           main] DiscoveryClientOptionalArgsConfiguration : Eureka HTTP Client uses RestTemplate.
2025-05-06T13:28:35.032-04:00  WARN 18786 --- [auth-service] [           main] iguration$LoadBalancerCaffeineWarnLogger : Spring Cloud LoadBalancer is currently working with the default cache. While this cache implementation is useful for development and tests, it's recommended to use Caffeine cache in production.You can switch to using Caffeine cache, by adding it and org.springframework.cache.caffeine.CaffeineCacheManager to the classpath.
2025-05-06T13:28:35.064-04:00  INFO 18786 --- [auth-service] [           main] c.b.artemis.AuthServiceApplicationTests  : Started AuthServiceApplicationTests in 1.893 seconds (process running for 2.484)
Mockito is currently self-attaching to enable the inline-mock-maker. This will no longer work in future releases of the JDK. Please add Mockito as an agent to your build what is described in Mockito's documentation: https://javadoc.io/doc/org.mockito/mockito-core/latest/org/mockito/Mockito.html#0.3
Java HotSpot(TM) 64-Bit Server VM warning: Sharing is only supported for boot loader classes because bootstrap classpath has been appended
WARNING: A Java agent has been loaded dynamically (/Users/balaji/.m2/repository/net/bytebuddy/byte-buddy-agent/1.15.11/byte-buddy-agent-1.15.11.jar)
WARNING: If a serviceability tool is in use, please run with -XX:+EnableDynamicAgentLoading to hide this warning
WARNING: If a serviceability tool is not in use, please run with -Djdk.instrument.traceUsage for more information
WARNING: Dynamic loading of agents will be disallowed by default in a future release
[INFO] Tests run: 1, Failures: 0, Errors: 0, Skipped: 0, Time elapsed: 2.721 s -- in com.brihaspathee.artemis.AuthServiceApplicationTests
[INFO] 
[INFO] Results:
[INFO] 
[INFO] Tests run: 1, Failures: 0, Errors: 0, Skipped: 0
[INFO] 
[INFO] 
[INFO] --- maven-jar-plugin:3.4.2:jar (default-jar) @ auth-service ---
[INFO] Building jar: /Users/balaji/Documents/mac-mini/Projects.nosync/artemis/services/auth-service/target/auth-service-1.0.2.jar
[INFO] 
[INFO] --- spring-boot-maven-plugin:3.4.4:repackage (repackage) @ auth-service ---
[INFO] Replacing main artifact /Users/balaji/Documents/mac-mini/Projects.nosync/artemis/services/auth-service/target/auth-service-1.0.2.jar with repackaged archive, adding nested dependencies in BOOT-INF/.
[INFO] The original artifact has been renamed to /Users/balaji/Documents/mac-mini/Projects.nosync/artemis/services/auth-service/target/auth-service-1.0.2.jar.original
[INFO] 
[INFO] --- maven-source-plugin:3.2.1:jar-no-fork (attach-sources) @ auth-service ---
[INFO] Building jar: /Users/balaji/Documents/mac-mini/Projects.nosync/artemis/services/auth-service/target/auth-service-1.0.2-sources.jar
[INFO] 
[INFO] --- maven-javadoc-plugin:3.3.0:jar (attach-javadocs) @ auth-service ---
[ERROR] Error fetching link: /Users/balaji/Documents/mac-mini/Projects.nosync/artemis/services/auth-service/target/javadoc-bundle-options. Ignored it.
[INFO] No previous run data found, generating javadoc.
[WARNING] Javadoc Warnings
[WARNING] Loading source files for package com.brihaspathee.artemis...
[WARNING] Loading source files for package com.brihaspathee.artemis.config...
[WARNING] Loading source files for package com.brihaspathee.artemis.auth...
[WARNING] Loading source files for package com.brihaspathee.artemis.auth.repository...
[WARNING] Loading source files for package com.brihaspathee.artemis.auth.provider...
[WARNING] Loading source files for package com.brihaspathee.artemis.auth.document...
[WARNING] Loading source files for package com.brihaspathee.artemis.auth.filter...
[WARNING] Loading source files for package com.brihaspathee.artemis.auth.service.impl...
[WARNING] Loading source files for package com.brihaspathee.artemis.auth.service...
[WARNING] Loading source files for package com.brihaspathee.artemis.auth.service.interfaces...
[WARNING] Loading source files for package com.brihaspathee.artemis.web.controller.impl...
[WARNING] Loading source files for package com.brihaspathee.artemis.web.controller.interfaces...
[WARNING] Loading source files for package com.brihaspathee.artemis.mapper.impl...
[WARNING] Loading source files for package com.brihaspathee.artemis.mapper.interfaces...
[WARNING] Loading source files for package com.brihaspathee.artemis.domain.repository...
[WARNING] Loading source files for package com.brihaspathee.artemis.domain.document...
[WARNING] Loading source files for package com.brihaspathee.artemis.exception...
[WARNING] Loading source files for package com.brihaspathee.artemis.services.impl...
[WARNING] Loading source files for package com.brihaspathee.artemis.services.interfaces...
[WARNING] Constructing Javadoc information...
[WARNING] Building index for all the packages and classes...
[WARNING] Standard Doclet version 21.0.3+7-LTS-152
[WARNING] Building tree for all the packages and classes...
[WARNING] Generating /Users/balaji/Documents/mac-mini/Projects.nosync/artemis/services/auth-service/target/apidocs/com/brihaspathee/artemis/exception/AccessDeniedException.html...
[WARNING] Generating /Users/balaji/Documents/mac-mini/Projects.nosync/artemis/services/auth-service/target/apidocs/com/brihaspathee/artemis/auth/document/Address.html...
[WARNING] /Users/balaji/Documents/mac-mini/Projects.nosync/artemis/services/auth-service/src/main/java/com/brihaspathee/artemis/auth/document/Address.java:22: warning: use of default constructor, which does not provide a comment
[WARNING] public class Address {
[WARNING] ^
[WARNING] Generating /Users/balaji/Documents/mac-mini/Projects.nosync/artemis/services/auth-service/target/apidocs/com/brihaspathee/artemis/auth/ArtemisAuthenticationEntryPoint.html...
[WARNING] /Users/balaji/Documents/mac-mini/Projects.nosync/artemis/services/auth-service/src/main/java/com/brihaspathee/artemis/auth/ArtemisAuthenticationEntryPoint.java:30: warning: use of default constructor, which does not provide a comment
[WARNING] public class ArtemisAuthenticationEntryPoint implements AuthenticationEntryPoint {
[WARNING] ^
[WARNING] Generating /Users/balaji/Documents/mac-mini/Projects.nosync/artemis/services/auth-service/target/apidocs/com/brihaspathee/artemis/auth/filter/ArtemisAuthenticationFilter.html...
[WARNING] Generating /Users/balaji/Documents/mac-mini/Projects.nosync/artemis/services/auth-service/target/apidocs/com/brihaspathee/artemis/auth/provider/ArtemisAuthenticationProvider.html...
[WARNING] /Users/balaji/Documents/mac-mini/Projects.nosync/artemis/services/auth-service/src/main/java/com/brihaspathee/artemis/auth/provider/ArtemisAuthenticationProvider.java:28: warning: use of default constructor, which does not provide a comment
[WARNING] public class ArtemisAuthenticationProvider implements AuthenticationProvider {
[WARNING] ^
[WARNING] Generating /Users/balaji/Documents/mac-mini/Projects.nosync/artemis/services/auth-service/target/apidocs/com/brihaspathee/artemis/auth/ArtemisAuthenticationToken.html...
[WARNING] Generating /Users/balaji/Documents/mac-mini/Projects.nosync/artemis/services/auth-service/target/apidocs/com/brihaspathee/artemis/config/ArtemisSecurityConfig.html...
[WARNING] Generating /Users/balaji/Documents/mac-mini/Projects.nosync/artemis/services/auth-service/target/apidocs/com/brihaspathee/artemis/auth/ArtemisUserDetailsService.html...
[WARNING] /Users/balaji/Documents/mac-mini/Projects.nosync/artemis/services/auth-service/src/main/java/com/brihaspathee/artemis/auth/ArtemisUserDetailsService.java:27: warning: use of default constructor, which does not provide a comment
[WARNING] public class ArtemisUserDetailsService {
[WARNING] ^
[WARNING] Generating /Users/balaji/Documents/mac-mini/Projects.nosync/artemis/services/auth-service/target/apidocs/com/brihaspathee/artemis/web/controller/interfaces/AuthenticationAPI.html...
[WARNING] Generating /Users/balaji/Documents/mac-mini/Projects.nosync/artemis/services/auth-service/target/apidocs/com/brihaspathee/artemis/web/controller/impl/AuthenticationAPIImpl.html...
[WARNING] /Users/balaji/Documents/mac-mini/Projects.nosync/artemis/services/auth-service/src/main/java/com/brihaspathee/artemis/web/controller/impl/AuthenticationAPIImpl.java:34: warning: use of default constructor, which does not provide a comment
[WARNING] public class AuthenticationAPIImpl implements AuthenticationAPI {
[WARNING] ^
[WARNING] Generating /Users/balaji/Documents/mac-mini/Projects.nosync/artemis/services/auth-service/target/apidocs/com/brihaspathee/artemis/auth/service/interfaces/AuthenticationService.html...
[WARNING] Generating /Users/balaji/Documents/mac-mini/Projects.nosync/artemis/services/auth-service/target/apidocs/com/brihaspathee/artemis/auth/service/impl/AuthenticationServiceImpl.html...
[WARNING] /Users/balaji/Documents/mac-mini/Projects.nosync/artemis/services/auth-service/src/main/java/com/brihaspathee/artemis/auth/service/impl/AuthenticationServiceImpl.java:33: warning: use of default constructor, which does not provide a comment
[WARNING] public class AuthenticationServiceImpl implements AuthenticationService {
[WARNING] ^
[WARNING] Generating /Users/balaji/Documents/mac-mini/Projects.nosync/artemis/services/auth-service/target/apidocs/com/brihaspathee/artemis/auth/document/Authority.html...
[WARNING] /Users/balaji/Documents/mac-mini/Projects.nosync/artemis/services/auth-service/src/main/java/com/brihaspathee/artemis/auth/document/Authority.java:22: warning: use of default constructor, which does not provide a comment
[WARNING] public class Authority {
[WARNING] ^
[WARNING] Generating /Users/balaji/Documents/mac-mini/Projects.nosync/artemis/services/auth-service/target/apidocs/com/brihaspathee/artemis/mapper/interfaces/AuthorityMapper.html...
[WARNING] Generating /Users/balaji/Documents/mac-mini/Projects.nosync/artemis/services/auth-service/target/apidocs/com/brihaspathee/artemis/mapper/impl/AuthorityMapperImpl.html...
[WARNING] /Users/balaji/Documents/mac-mini/Projects.nosync/artemis/services/auth-service/src/main/java/com/brihaspathee/artemis/mapper/impl/AuthorityMapperImpl.java:22: warning: use of default constructor, which does not provide a comment
[WARNING] public class AuthorityMapperImpl implements AuthorityMapper {
[WARNING] ^
[WARNING] Generating /Users/balaji/Documents/mac-mini/Projects.nosync/artemis/services/auth-service/target/apidocs/com/brihaspathee/artemis/AuthServiceApplication.html...
[WARNING] /Users/balaji/Documents/mac-mini/Projects.nosync/artemis/services/auth-service/src/main/java/com/brihaspathee/artemis/AuthServiceApplication.java:7: warning: no comment
[WARNING] public class AuthServiceApplication {
[WARNING] ^
[WARNING] /Users/balaji/Documents/mac-mini/Projects.nosync/artemis/services/auth-service/src/main/java/com/brihaspathee/artemis/AuthServiceApplication.java:7: warning: use of default constructor, which does not provide a comment
[WARNING] public class AuthServiceApplication {
[WARNING] ^
[WARNING] /Users/balaji/Documents/mac-mini/Projects.nosync/artemis/services/auth-service/src/main/java/com/brihaspathee/artemis/AuthServiceApplication.java:9: warning: no comment
[WARNING] public static void main(String[] args) {
[WARNING] ^
[WARNING] Generating /Users/balaji/Documents/mac-mini/Projects.nosync/artemis/services/auth-service/target/apidocs/com/brihaspathee/artemis/config/BeansConfig.html...
[WARNING] /Users/balaji/Documents/mac-mini/Projects.nosync/artemis/services/auth-service/src/main/java/com/brihaspathee/artemis/config/BeansConfig.java:24: warning: use of default constructor, which does not provide a comment
[WARNING] public class BeansConfig {
[WARNING] ^
[WARNING] Generating /Users/balaji/Documents/mac-mini/Projects.nosync/artemis/services/auth-service/target/apidocs/com/brihaspathee/artemis/auth/document/Email.html...
[WARNING] /Users/balaji/Documents/mac-mini/Projects.nosync/artemis/services/auth-service/src/main/java/com/brihaspathee/artemis/auth/document/Email.java:22: warning: use of default constructor, which does not provide a comment
[WARNING] public class Email {
[WARNING] ^
[WARNING] Generating /Users/balaji/Documents/mac-mini/Projects.nosync/artemis/services/auth-service/target/apidocs/com/brihaspathee/artemis/auth/service/JwtService.html...
[WARNING] /Users/balaji/Documents/mac-mini/Projects.nosync/artemis/services/auth-service/src/main/java/com/brihaspathee/artemis/auth/service/JwtService.java:31: warning: use of default constructor, which does not provide a comment
[WARNING] public class JwtService {
[WARNING] ^
[WARNING] Generating /Users/balaji/Documents/mac-mini/Projects.nosync/artemis/services/auth-service/target/apidocs/com/brihaspathee/artemis/auth/filter/LoginAuthenticationFilter.html...
[WARNING] Generating /Users/balaji/Documents/mac-mini/Projects.nosync/artemis/services/auth-service/target/apidocs/com/brihaspathee/artemis/auth/document/Phone.html...
[WARNING] /Users/balaji/Documents/mac-mini/Projects.nosync/artemis/services/auth-service/src/main/java/com/brihaspathee/artemis/auth/document/Phone.java:22: warning: use of default constructor, which does not provide a comment
[WARNING] public class Phone {
[WARNING] ^
[WARNING] Generating /Users/balaji/Documents/mac-mini/Projects.nosync/artemis/services/auth-service/target/apidocs/com/brihaspathee/artemis/auth/document/Profile.html...
[WARNING] /Users/balaji/Documents/mac-mini/Projects.nosync/artemis/services/auth-service/src/main/java/com/brihaspathee/artemis/auth/document/Profile.java:29: warning: use of default constructor, which does not provide a comment
[WARNING] public class Profile {
[WARNING] ^
[WARNING] Generating /Users/balaji/Documents/mac-mini/Projects.nosync/artemis/services/auth-service/target/apidocs/com/brihaspathee/artemis/auth/repository/ProfileRepository.html...
[WARNING] Generating /Users/balaji/Documents/mac-mini/Projects.nosync/artemis/services/auth-service/target/apidocs/com/brihaspathee/artemis/domain/document/Resource.html...
[WARNING] /Users/balaji/Documents/mac-mini/Projects.nosync/artemis/services/auth-service/src/main/java/com/brihaspathee/artemis/domain/document/Resource.java:31: warning: use of default constructor, which does not provide a comment
[WARNING] public class Resource {
[WARNING] ^
[WARNING] Generating /Users/balaji/Documents/mac-mini/Projects.nosync/artemis/services/auth-service/target/apidocs/com/brihaspathee/artemis/web/controller/interfaces/ResourceManagementAPI.html...
[WARNING] Generating /Users/balaji/Documents/mac-mini/Projects.nosync/artemis/services/auth-service/target/apidocs/com/brihaspathee/artemis/web/controller/impl/ResourceManagementAPIImpl.html...
[WARNING] /Users/balaji/Documents/mac-mini/Projects.nosync/artemis/services/auth-service/src/main/java/com/brihaspathee/artemis/web/controller/impl/ResourceManagementAPIImpl.java:33: warning: use of default constructor, which does not provide a comment
[WARNING] public class ResourceManagementAPIImpl implements ResourceManagementAPI {
[WARNING] ^
[WARNING] Generating /Users/balaji/Documents/mac-mini/Projects.nosync/artemis/services/auth-service/target/apidocs/com/brihaspathee/artemis/services/interfaces/ResourceManagementService.html...
[WARNING] Generating /Users/balaji/Documents/mac-mini/Projects.nosync/artemis/services/auth-service/target/apidocs/com/brihaspathee/artemis/services/impl/ResourceManagementServiceImpl.html...
[WARNING] /Users/balaji/Documents/mac-mini/Projects.nosync/artemis/services/auth-service/src/main/java/com/brihaspathee/artemis/services/impl/ResourceManagementServiceImpl.java:26: warning: use of default constructor, which does not provide a comment
[WARNING] public class ResourceManagementServiceImpl implements ResourceManagementService {
[WARNING] ^
[WARNING] Generating /Users/balaji/Documents/mac-mini/Projects.nosync/artemis/services/auth-service/target/apidocs/com/brihaspathee/artemis/mapper/interfaces/ResourceMapper.html...
[WARNING] Generating /Users/balaji/Documents/mac-mini/Projects.nosync/artemis/services/auth-service/target/apidocs/com/brihaspathee/artemis/mapper/impl/ResourceMapperImpl.html...
[WARNING] /Users/balaji/Documents/mac-mini/Projects.nosync/artemis/services/auth-service/src/main/java/com/brihaspathee/artemis/mapper/impl/ResourceMapperImpl.java:27: warning: use of default constructor, which does not provide a comment
[WARNING] public class ResourceMapperImpl implements ResourceMapper {
[WARNING] ^
[WARNING] Generating /Users/balaji/Documents/mac-mini/Projects.nosync/artemis/services/auth-service/target/apidocs/com/brihaspathee/artemis/domain/repository/ResourceRepository.html...
[WARNING] Generating /Users/balaji/Documents/mac-mini/Projects.nosync/artemis/services/auth-service/target/apidocs/com/brihaspathee/artemis/auth/document/Role.html...
[WARNING] /Users/balaji/Documents/mac-mini/Projects.nosync/artemis/services/auth-service/src/main/java/com/brihaspathee/artemis/auth/document/Role.java:24: warning: use of default constructor, which does not provide a comment
[WARNING] public class Role {
[WARNING] ^
[WARNING] Generating /Users/balaji/Documents/mac-mini/Projects.nosync/artemis/services/auth-service/target/apidocs/com/brihaspathee/artemis/mapper/interfaces/RoleMapper.html...
[WARNING] Generating /Users/balaji/Documents/mac-mini/Projects.nosync/artemis/services/auth-service/target/apidocs/com/brihaspathee/artemis/mapper/impl/RoleMapperImpl.html...
[WARNING] /Users/balaji/Documents/mac-mini/Projects.nosync/artemis/services/auth-service/src/main/java/com/brihaspathee/artemis/mapper/impl/RoleMapperImpl.java:27: warning: use of default constructor, which does not provide a comment
[WARNING] public class RoleMapperImpl implements RoleMapper {
[WARNING] ^
[WARNING] Generating /Users/balaji/Documents/mac-mini/Projects.nosync/artemis/services/auth-service/target/apidocs/com/brihaspathee/artemis/auth/document/ServiceUser.html...
[WARNING] /Users/balaji/Documents/mac-mini/Projects.nosync/artemis/services/auth-service/src/main/java/com/brihaspathee/artemis/auth/document/ServiceUser.java:33: warning: use of default constructor, which does not provide a comment
[WARNING] public class ServiceUser implements UserDetails, Principal {
[WARNING] ^
[WARNING] Generating /Users/balaji/Documents/mac-mini/Projects.nosync/artemis/services/auth-service/target/apidocs/com/brihaspathee/artemis/auth/repository/ServiceUserRepository.html...
[WARNING] Generating /Users/balaji/Documents/mac-mini/Projects.nosync/artemis/services/auth-service/target/apidocs/com/brihaspathee/artemis/auth/document/User.html...
[WARNING] /Users/balaji/Documents/mac-mini/Projects.nosync/artemis/services/auth-service/src/main/java/com/brihaspathee/artemis/auth/document/User.java:38: warning: use of default constructor, which does not provide a comment
[WARNING] public class User implements UserDetails, Principal {
[WARNING] ^
[WARNING] Generating /Users/balaji/Documents/mac-mini/Projects.nosync/artemis/services/auth-service/target/apidocs/com/brihaspathee/artemis/mapper/interfaces/UserMapper.html...
[WARNING] Generating /Users/balaji/Documents/mac-mini/Projects.nosync/artemis/services/auth-service/target/apidocs/com/brihaspathee/artemis/mapper/impl/UserMapperImpl.html...
[WARNING] /Users/balaji/Documents/mac-mini/Projects.nosync/artemis/services/auth-service/src/main/java/com/brihaspathee/artemis/mapper/impl/UserMapperImpl.java:25: warning: use of default constructor, which does not provide a comment
[WARNING] public class UserMapperImpl implements UserMapper {
[WARNING] ^
[WARNING] Generating /Users/balaji/Documents/mac-mini/Projects.nosync/artemis/services/auth-service/target/apidocs/com/brihaspathee/artemis/exception/UserNotFoundException.html...
[WARNING] Generating /Users/balaji/Documents/mac-mini/Projects.nosync/artemis/services/auth-service/target/apidocs/com/brihaspathee/artemis/auth/repository/UserRepository.html...
[WARNING] Generating /Users/balaji/Documents/mac-mini/Projects.nosync/artemis/services/auth-service/target/apidocs/com/brihaspathee/artemis/web/controller/interfaces/WelcomeAPI.html...
[WARNING] Generating /Users/balaji/Documents/mac-mini/Projects.nosync/artemis/services/auth-service/target/apidocs/com/brihaspathee/artemis/web/controller/impl/WelcomeAPIImpl.html...
[WARNING] /Users/balaji/Documents/mac-mini/Projects.nosync/artemis/services/auth-service/src/main/java/com/brihaspathee/artemis/web/controller/impl/WelcomeAPIImpl.java:20: warning: use of default constructor, which does not provide a comment
[WARNING] public class WelcomeAPIImpl implements WelcomeAPI {
[WARNING] ^
[WARNING] Generating /Users/balaji/Documents/mac-mini/Projects.nosync/artemis/services/auth-service/target/apidocs/com/brihaspathee/artemis/package-summary.html...
[WARNING] Generating /Users/balaji/Documents/mac-mini/Projects.nosync/artemis/services/auth-service/target/apidocs/com/brihaspathee/artemis/package-tree.html...
[WARNING] Generating /Users/balaji/Documents/mac-mini/Projects.nosync/artemis/services/auth-service/target/apidocs/com/brihaspathee/artemis/auth/package-summary.html...
[WARNING] Generating /Users/balaji/Documents/mac-mini/Projects.nosync/artemis/services/auth-service/target/apidocs/com/brihaspathee/artemis/auth/package-tree.html...
[WARNING] Generating /Users/balaji/Documents/mac-mini/Projects.nosync/artemis/services/auth-service/target/apidocs/com/brihaspathee/artemis/auth/document/package-summary.html...
[WARNING] Generating /Users/balaji/Documents/mac-mini/Projects.nosync/artemis/services/auth-service/target/apidocs/com/brihaspathee/artemis/auth/document/package-tree.html...
[WARNING] Generating /Users/balaji/Documents/mac-mini/Projects.nosync/artemis/services/auth-service/target/apidocs/com/brihaspathee/artemis/auth/filter/package-summary.html...
[WARNING] Generating /Users/balaji/Documents/mac-mini/Projects.nosync/artemis/services/auth-service/target/apidocs/com/brihaspathee/artemis/auth/filter/package-tree.html...
[WARNING] Generating /Users/balaji/Documents/mac-mini/Projects.nosync/artemis/services/auth-service/target/apidocs/com/brihaspathee/artemis/auth/provider/package-summary.html...
[WARNING] Generating /Users/balaji/Documents/mac-mini/Projects.nosync/artemis/services/auth-service/target/apidocs/com/brihaspathee/artemis/auth/provider/package-tree.html...
[WARNING] Generating /Users/balaji/Documents/mac-mini/Projects.nosync/artemis/services/auth-service/target/apidocs/com/brihaspathee/artemis/auth/repository/package-summary.html...
[WARNING] Generating /Users/balaji/Documents/mac-mini/Projects.nosync/artemis/services/auth-service/target/apidocs/com/brihaspathee/artemis/auth/repository/package-tree.html...
[WARNING] Generating /Users/balaji/Documents/mac-mini/Projects.nosync/artemis/services/auth-service/target/apidocs/com/brihaspathee/artemis/auth/service/package-summary.html...
[WARNING] Generating /Users/balaji/Documents/mac-mini/Projects.nosync/artemis/services/auth-service/target/apidocs/com/brihaspathee/artemis/auth/service/package-tree.html...
[WARNING] Generating /Users/balaji/Documents/mac-mini/Projects.nosync/artemis/services/auth-service/target/apidocs/com/brihaspathee/artemis/auth/service/impl/package-summary.html...
[WARNING] Generating /Users/balaji/Documents/mac-mini/Projects.nosync/artemis/services/auth-service/target/apidocs/com/brihaspathee/artemis/auth/service/impl/package-tree.html...
[WARNING] Generating /Users/balaji/Documents/mac-mini/Projects.nosync/artemis/services/auth-service/target/apidocs/com/brihaspathee/artemis/auth/service/interfaces/package-summary.html...
[WARNING] Generating /Users/balaji/Documents/mac-mini/Projects.nosync/artemis/services/auth-service/target/apidocs/com/brihaspathee/artemis/auth/service/interfaces/package-tree.html...
[WARNING] Generating /Users/balaji/Documents/mac-mini/Projects.nosync/artemis/services/auth-service/target/apidocs/com/brihaspathee/artemis/config/package-summary.html...
[WARNING] Generating /Users/balaji/Documents/mac-mini/Projects.nosync/artemis/services/auth-service/target/apidocs/com/brihaspathee/artemis/config/package-tree.html...
[WARNING] Generating /Users/balaji/Documents/mac-mini/Projects.nosync/artemis/services/auth-service/target/apidocs/com/brihaspathee/artemis/domain/document/package-summary.html...
[WARNING] Generating /Users/balaji/Documents/mac-mini/Projects.nosync/artemis/services/auth-service/target/apidocs/com/brihaspathee/artemis/domain/document/package-tree.html...
[WARNING] Generating /Users/balaji/Documents/mac-mini/Projects.nosync/artemis/services/auth-service/target/apidocs/com/brihaspathee/artemis/domain/repository/package-summary.html...
[WARNING] Generating /Users/balaji/Documents/mac-mini/Projects.nosync/artemis/services/auth-service/target/apidocs/com/brihaspathee/artemis/domain/repository/package-tree.html...
[WARNING] Generating /Users/balaji/Documents/mac-mini/Projects.nosync/artemis/services/auth-service/target/apidocs/com/brihaspathee/artemis/exception/package-summary.html...
[WARNING] Generating /Users/balaji/Documents/mac-mini/Projects.nosync/artemis/services/auth-service/target/apidocs/com/brihaspathee/artemis/exception/package-tree.html...
[WARNING] Generating /Users/balaji/Documents/mac-mini/Projects.nosync/artemis/services/auth-service/target/apidocs/com/brihaspathee/artemis/mapper/impl/package-summary.html...
[WARNING] Generating /Users/balaji/Documents/mac-mini/Projects.nosync/artemis/services/auth-service/target/apidocs/com/brihaspathee/artemis/mapper/impl/package-tree.html...
[WARNING] Generating /Users/balaji/Documents/mac-mini/Projects.nosync/artemis/services/auth-service/target/apidocs/com/brihaspathee/artemis/mapper/interfaces/package-summary.html...
[WARNING] Generating /Users/balaji/Documents/mac-mini/Projects.nosync/artemis/services/auth-service/target/apidocs/com/brihaspathee/artemis/mapper/interfaces/package-tree.html...
[WARNING] Generating /Users/balaji/Documents/mac-mini/Projects.nosync/artemis/services/auth-service/target/apidocs/com/brihaspathee/artemis/services/impl/package-summary.html...
[WARNING] Generating /Users/balaji/Documents/mac-mini/Projects.nosync/artemis/services/auth-service/target/apidocs/com/brihaspathee/artemis/services/impl/package-tree.html...
[WARNING] Generating /Users/balaji/Documents/mac-mini/Projects.nosync/artemis/services/auth-service/target/apidocs/com/brihaspathee/artemis/services/interfaces/package-summary.html...
[WARNING] Generating /Users/balaji/Documents/mac-mini/Projects.nosync/artemis/services/auth-service/target/apidocs/com/brihaspathee/artemis/services/interfaces/package-tree.html...
[WARNING] Generating /Users/balaji/Documents/mac-mini/Projects.nosync/artemis/services/auth-service/target/apidocs/com/brihaspathee/artemis/web/controller/impl/package-summary.html...
[WARNING] Generating /Users/balaji/Documents/mac-mini/Projects.nosync/artemis/services/auth-service/target/apidocs/com/brihaspathee/artemis/web/controller/impl/package-tree.html...
[WARNING] Generating /Users/balaji/Documents/mac-mini/Projects.nosync/artemis/services/auth-service/target/apidocs/com/brihaspathee/artemis/web/controller/interfaces/package-summary.html...
[WARNING] Generating /Users/balaji/Documents/mac-mini/Projects.nosync/artemis/services/auth-service/target/apidocs/com/brihaspathee/artemis/web/controller/interfaces/package-tree.html...
[WARNING] Generating /Users/balaji/Documents/mac-mini/Projects.nosync/artemis/services/auth-service/target/apidocs/serialized-form.html...
[WARNING] Generating /Users/balaji/Documents/mac-mini/Projects.nosync/artemis/services/auth-service/target/apidocs/com/brihaspathee/artemis/class-use/AuthServiceApplication.html...
[WARNING] Generating /Users/balaji/Documents/mac-mini/Projects.nosync/artemis/services/auth-service/target/apidocs/com/brihaspathee/artemis/config/class-use/BeansConfig.html...
[WARNING] Generating /Users/balaji/Documents/mac-mini/Projects.nosync/artemis/services/auth-service/target/apidocs/com/brihaspathee/artemis/config/class-use/ArtemisSecurityConfig.html...
[WARNING] Generating /Users/balaji/Documents/mac-mini/Projects.nosync/artemis/services/auth-service/target/apidocs/com/brihaspathee/artemis/auth/class-use/ArtemisAuthenticationEntryPoint.html...
[WARNING] Generating /Users/balaji/Documents/mac-mini/Projects.nosync/artemis/services/auth-service/target/apidocs/com/brihaspathee/artemis/auth/class-use/ArtemisUserDetailsService.html...
[WARNING] Generating /Users/balaji/Documents/mac-mini/Projects.nosync/artemis/services/auth-service/target/apidocs/com/brihaspathee/artemis/auth/class-use/ArtemisAuthenticationToken.html...
[WARNING] Generating /Users/balaji/Documents/mac-mini/Projects.nosync/artemis/services/auth-service/target/apidocs/com/brihaspathee/artemis/auth/repository/class-use/ProfileRepository.html...
[WARNING] Generating /Users/balaji/Documents/mac-mini/Projects.nosync/artemis/services/auth-service/target/apidocs/com/brihaspathee/artemis/auth/repository/class-use/ServiceUserRepository.html...
[WARNING] Generating /Users/balaji/Documents/mac-mini/Projects.nosync/artemis/services/auth-service/target/apidocs/com/brihaspathee/artemis/auth/repository/class-use/UserRepository.html...
[WARNING] Generating /Users/balaji/Documents/mac-mini/Projects.nosync/artemis/services/auth-service/target/apidocs/com/brihaspathee/artemis/auth/provider/class-use/ArtemisAuthenticationProvider.html...
[WARNING] Generating /Users/balaji/Documents/mac-mini/Projects.nosync/artemis/services/auth-service/target/apidocs/com/brihaspathee/artemis/auth/document/class-use/Profile.html...
[WARNING] Generating /Users/balaji/Documents/mac-mini/Projects.nosync/artemis/services/auth-service/target/apidocs/com/brihaspathee/artemis/auth/document/class-use/Phone.html...
[WARNING] Generating /Users/balaji/Documents/mac-mini/Projects.nosync/artemis/services/auth-service/target/apidocs/com/brihaspathee/artemis/auth/document/class-use/Email.html...
[WARNING] Generating /Users/balaji/Documents/mac-mini/Projects.nosync/artemis/services/auth-service/target/apidocs/com/brihaspathee/artemis/auth/document/class-use/User.html...
[WARNING] Generating /Users/balaji/Documents/mac-mini/Projects.nosync/artemis/services/auth-service/target/apidocs/com/brihaspathee/artemis/auth/document/class-use/Address.html...
[WARNING] Generating /Users/balaji/Documents/mac-mini/Projects.nosync/artemis/services/auth-service/target/apidocs/com/brihaspathee/artemis/auth/document/class-use/ServiceUser.html...
[WARNING] Generating /Users/balaji/Documents/mac-mini/Projects.nosync/artemis/services/auth-service/target/apidocs/com/brihaspathee/artemis/auth/document/class-use/Authority.html...
[WARNING] Generating /Users/balaji/Documents/mac-mini/Projects.nosync/artemis/services/auth-service/target/apidocs/com/brihaspathee/artemis/auth/document/class-use/Role.html...
[WARNING] Generating /Users/balaji/Documents/mac-mini/Projects.nosync/artemis/services/auth-service/target/apidocs/com/brihaspathee/artemis/auth/filter/class-use/ArtemisAuthenticationFilter.html...
[WARNING] Generating /Users/balaji/Documents/mac-mini/Projects.nosync/artemis/services/auth-service/target/apidocs/com/brihaspathee/artemis/auth/filter/class-use/LoginAuthenticationFilter.html...
[WARNING] Generating /Users/balaji/Documents/mac-mini/Projects.nosync/artemis/services/auth-service/target/apidocs/com/brihaspathee/artemis/auth/service/impl/class-use/AuthenticationServiceImpl.html...
[WARNING] Generating /Users/balaji/Documents/mac-mini/Projects.nosync/artemis/services/auth-service/target/apidocs/com/brihaspathee/artemis/auth/service/class-use/JwtService.html...
[WARNING] Generating /Users/balaji/Documents/mac-mini/Projects.nosync/artemis/services/auth-service/target/apidocs/com/brihaspathee/artemis/auth/service/interfaces/class-use/AuthenticationService.html...
[WARNING] Generating /Users/balaji/Documents/mac-mini/Projects.nosync/artemis/services/auth-service/target/apidocs/com/brihaspathee/artemis/web/controller/impl/class-use/ResourceManagementAPIImpl.html...
[WARNING] Generating /Users/balaji/Documents/mac-mini/Projects.nosync/artemis/services/auth-service/target/apidocs/com/brihaspathee/artemis/web/controller/impl/class-use/WelcomeAPIImpl.html...
[WARNING] Generating /Users/balaji/Documents/mac-mini/Projects.nosync/artemis/services/auth-service/target/apidocs/com/brihaspathee/artemis/web/controller/impl/class-use/AuthenticationAPIImpl.html...
[WARNING] Generating /Users/balaji/Documents/mac-mini/Projects.nosync/artemis/services/auth-service/target/apidocs/com/brihaspathee/artemis/web/controller/interfaces/class-use/AuthenticationAPI.html...
[WARNING] Generating /Users/balaji/Documents/mac-mini/Projects.nosync/artemis/services/auth-service/target/apidocs/com/brihaspathee/artemis/web/controller/interfaces/class-use/WelcomeAPI.html...
[WARNING] Generating /Users/balaji/Documents/mac-mini/Projects.nosync/artemis/services/auth-service/target/apidocs/com/brihaspathee/artemis/web/controller/interfaces/class-use/ResourceManagementAPI.html...
[WARNING] Generating /Users/balaji/Documents/mac-mini/Projects.nosync/artemis/services/auth-service/target/apidocs/com/brihaspathee/artemis/mapper/impl/class-use/AuthorityMapperImpl.html...
[WARNING] Generating /Users/balaji/Documents/mac-mini/Projects.nosync/artemis/services/auth-service/target/apidocs/com/brihaspathee/artemis/mapper/impl/class-use/ResourceMapperImpl.html...
[WARNING] Generating /Users/balaji/Documents/mac-mini/Projects.nosync/artemis/services/auth-service/target/apidocs/com/brihaspathee/artemis/mapper/impl/class-use/RoleMapperImpl.html...
[WARNING] Generating /Users/balaji/Documents/mac-mini/Projects.nosync/artemis/services/auth-service/target/apidocs/com/brihaspathee/artemis/mapper/impl/class-use/UserMapperImpl.html...
[WARNING] Generating /Users/balaji/Documents/mac-mini/Projects.nosync/artemis/services/auth-service/target/apidocs/com/brihaspathee/artemis/mapper/interfaces/class-use/ResourceMapper.html...
[WARNING] Generating /Users/balaji/Documents/mac-mini/Projects.nosync/artemis/services/auth-service/target/apidocs/com/brihaspathee/artemis/mapper/interfaces/class-use/UserMapper.html...
[WARNING] Generating /Users/balaji/Documents/mac-mini/Projects.nosync/artemis/services/auth-service/target/apidocs/com/brihaspathee/artemis/mapper/interfaces/class-use/AuthorityMapper.html...
[WARNING] Generating /Users/balaji/Documents/mac-mini/Projects.nosync/artemis/services/auth-service/target/apidocs/com/brihaspathee/artemis/mapper/interfaces/class-use/RoleMapper.html...
[WARNING] Generating /Users/balaji/Documents/mac-mini/Projects.nosync/artemis/services/auth-service/target/apidocs/com/brihaspathee/artemis/domain/repository/class-use/ResourceRepository.html...
[WARNING] Generating /Users/balaji/Documents/mac-mini/Projects.nosync/artemis/services/auth-service/target/apidocs/com/brihaspathee/artemis/domain/document/class-use/Resource.html...
[WARNING] Generating /Users/balaji/Documents/mac-mini/Projects.nosync/artemis/services/auth-service/target/apidocs/com/brihaspathee/artemis/exception/class-use/UserNotFoundException.html...
[WARNING] Generating /Users/balaji/Documents/mac-mini/Projects.nosync/artemis/services/auth-service/target/apidocs/com/brihaspathee/artemis/exception/class-use/AccessDeniedException.html...
[WARNING] Generating /Users/balaji/Documents/mac-mini/Projects.nosync/artemis/services/auth-service/target/apidocs/com/brihaspathee/artemis/services/impl/class-use/ResourceManagementServiceImpl.html...
[WARNING] Generating /Users/balaji/Documents/mac-mini/Projects.nosync/artemis/services/auth-service/target/apidocs/com/brihaspathee/artemis/services/interfaces/class-use/ResourceManagementService.html...
[WARNING] Generating /Users/balaji/Documents/mac-mini/Projects.nosync/artemis/services/auth-service/target/apidocs/com/brihaspathee/artemis/package-use.html...
[WARNING] Generating /Users/balaji/Documents/mac-mini/Projects.nosync/artemis/services/auth-service/target/apidocs/com/brihaspathee/artemis/auth/package-use.html...
[WARNING] Generating /Users/balaji/Documents/mac-mini/Projects.nosync/artemis/services/auth-service/target/apidocs/com/brihaspathee/artemis/auth/document/package-use.html...
[WARNING] Generating /Users/balaji/Documents/mac-mini/Projects.nosync/artemis/services/auth-service/target/apidocs/com/brihaspathee/artemis/auth/filter/package-use.html...
[WARNING] Generating /Users/balaji/Documents/mac-mini/Projects.nosync/artemis/services/auth-service/target/apidocs/com/brihaspathee/artemis/auth/provider/package-use.html...
[WARNING] Generating /Users/balaji/Documents/mac-mini/Projects.nosync/artemis/services/auth-service/target/apidocs/com/brihaspathee/artemis/auth/repository/package-use.html...
[WARNING] Generating /Users/balaji/Documents/mac-mini/Projects.nosync/artemis/services/auth-service/target/apidocs/com/brihaspathee/artemis/auth/service/package-use.html...
[WARNING] Generating /Users/balaji/Documents/mac-mini/Projects.nosync/artemis/services/auth-service/target/apidocs/com/brihaspathee/artemis/auth/service/impl/package-use.html...
[WARNING] Generating /Users/balaji/Documents/mac-mini/Projects.nosync/artemis/services/auth-service/target/apidocs/com/brihaspathee/artemis/auth/service/interfaces/package-use.html...
[WARNING] Generating /Users/balaji/Documents/mac-mini/Projects.nosync/artemis/services/auth-service/target/apidocs/com/brihaspathee/artemis/config/package-use.html...
[WARNING] Generating /Users/balaji/Documents/mac-mini/Projects.nosync/artemis/services/auth-service/target/apidocs/com/brihaspathee/artemis/domain/document/package-use.html...
[WARNING] Generating /Users/balaji/Documents/mac-mini/Projects.nosync/artemis/services/auth-service/target/apidocs/com/brihaspathee/artemis/domain/repository/package-use.html...
[WARNING] Generating /Users/balaji/Documents/mac-mini/Projects.nosync/artemis/services/auth-service/target/apidocs/com/brihaspathee/artemis/exception/package-use.html...
[WARNING] Generating /Users/balaji/Documents/mac-mini/Projects.nosync/artemis/services/auth-service/target/apidocs/com/brihaspathee/artemis/mapper/impl/package-use.html...
[WARNING] Generating /Users/balaji/Documents/mac-mini/Projects.nosync/artemis/services/auth-service/target/apidocs/com/brihaspathee/artemis/mapper/interfaces/package-use.html...
[WARNING] Generating /Users/balaji/Documents/mac-mini/Projects.nosync/artemis/services/auth-service/target/apidocs/com/brihaspathee/artemis/services/impl/package-use.html...
[WARNING] Generating /Users/balaji/Documents/mac-mini/Projects.nosync/artemis/services/auth-service/target/apidocs/com/brihaspathee/artemis/services/interfaces/package-use.html...
[WARNING] Generating /Users/balaji/Documents/mac-mini/Projects.nosync/artemis/services/auth-service/target/apidocs/com/brihaspathee/artemis/web/controller/impl/package-use.html...
[WARNING] Generating /Users/balaji/Documents/mac-mini/Projects.nosync/artemis/services/auth-service/target/apidocs/com/brihaspathee/artemis/web/controller/interfaces/package-use.html...
[WARNING] Generating /Users/balaji/Documents/mac-mini/Projects.nosync/artemis/services/auth-service/target/apidocs/overview-tree.html...
[WARNING] Generating /Users/balaji/Documents/mac-mini/Projects.nosync/artemis/services/auth-service/target/apidocs/index.html...
[WARNING] Building index for all classes...
[WARNING] Generating /Users/balaji/Documents/mac-mini/Projects.nosync/artemis/services/auth-service/target/apidocs/allclasses-index.html...
[WARNING] Generating /Users/balaji/Documents/mac-mini/Projects.nosync/artemis/services/auth-service/target/apidocs/allpackages-index.html...
[WARNING] Generating /Users/balaji/Documents/mac-mini/Projects.nosync/artemis/services/auth-service/target/apidocs/index-all.html...
[WARNING] Generating /Users/balaji/Documents/mac-mini/Projects.nosync/artemis/services/auth-service/target/apidocs/search.html...
[WARNING] Generating /Users/balaji/Documents/mac-mini/Projects.nosync/artemis/services/auth-service/target/apidocs/overview-summary.html...
[WARNING] Generating /Users/balaji/Documents/mac-mini/Projects.nosync/artemis/services/auth-service/target/apidocs/help-doc.html...
[WARNING] 26 warnings
[INFO] Building jar: /Users/balaji/Documents/mac-mini/Projects.nosync/artemis/services/auth-service/target/auth-service-1.0.2-javadoc.jar
[INFO] 
[INFO] --- spring-boot-maven-plugin:3.4.4:start (pre-integration-test) @ auth-service ---
[INFO] Attaching agents: []

  .   ____          _            __ _ _
 /\\ / ___'_ __ _ _(_)_ __  __ _ \ \ \ \
( ( )\___ | '_ | '_| | '_ \/ _` | \ \ \ \
 \\/  ___)| |_)| | | | | || (_| |  ) ) ) )
  '  |____| .__|_| |_|_| |_\__, | / / / /
 =========|_|==============|___/=/_/_/_/

 :: Spring Boot ::                (v3.4.4)

2025-05-06T13:28:38.593-04:00  INFO 18793 --- [auth-service] [           main] c.b.artemis.AuthServiceApplication       : Starting AuthServiceApplication using Java 21.0.3 with PID 18793 (/Users/balaji/Documents/mac-mini/Projects.nosync/artemis/services/auth-service/target/classes started by balaji in /Users/balaji/Documents/mac-mini/Projects.nosync/artemis/services/auth-service)
2025-05-06T13:28:38.594-04:00  INFO 18793 --- [auth-service] [           main] c.b.artemis.AuthServiceApplication       : The following 1 profile is active: "unit-test"
2025-05-06T13:28:39.111-04:00  INFO 18793 --- [auth-service] [           main] .s.d.r.c.RepositoryConfigurationDelegate : Bootstrapping Spring Data MongoDB repositories in DEFAULT mode.
2025-05-06T13:28:39.199-04:00  INFO 18793 --- [auth-service] [           main] .s.d.r.c.RepositoryConfigurationDelegate : Finished Spring Data repository scanning in 84 ms. Found 4 MongoDB repository interfaces.
2025-05-06T13:28:39.315-04:00  INFO 18793 --- [auth-service] [           main] o.s.cloud.context.scope.GenericScope     : BeanFactory id=3028ee0a-3529-3bf5-a59f-c0b90cbda7f1
2025-05-06T13:28:39.467-04:00  INFO 18793 --- [auth-service] [           main] o.s.b.w.embedded.tomcat.TomcatWebServer  : Tomcat initialized with port 8080 (http)
2025-05-06T13:28:39.474-04:00  INFO 18793 --- [auth-service] [           main] o.apache.catalina.core.StandardService   : Starting service [Tomcat]
2025-05-06T13:28:39.474-04:00  INFO 18793 --- [auth-service] [           main] o.apache.catalina.core.StandardEngine    : Starting Servlet engine: [Apache Tomcat/10.1.39]
2025-05-06T13:28:39.499-04:00  INFO 18793 --- [auth-service] [           main] o.a.c.c.C.[Tomcat].[localhost].[/]       : Initializing Spring embedded WebApplicationContext
2025-05-06T13:28:39.499-04:00  INFO 18793 --- [auth-service] [           main] w.s.c.ServletWebServerApplicationContext : Root WebApplicationContext: initialization completed in 888 ms
2025-05-06T13:28:39.624-04:00  INFO 18793 --- [auth-service] [           main] org.mongodb.driver.client                : MongoClient with metadata {"driver": {"name": "mongo-java-driver|sync|spring-boot", "version": "5.2.1"}, "os": {"type": "Darwin", "name": "Mac OS X", "architecture": "aarch64", "version": "15.3.2"}, "platform": "Java/Oracle Corporation/21.0.3+7-LTS-152"} created with settings MongoClientSettings{readPreference=primary, writeConcern=WriteConcern{w=null, wTimeout=null ms, journal=null}, retryWrites=true, retryReads=true, readConcern=ReadConcern{level=null}, credential=MongoCredential{mechanism=null, userName='authserviceadmin', source='auth-service', password=<hidden>, mechanismProperties=<hidden>}, transportSettings=null, commandListeners=[io.micrometer.core.instrument.binder.mongodb.MongoMetricsCommandListener@7d90644f], codecRegistry=ProvidersCodecRegistry{codecProviders=[ValueCodecProvider{}, BsonValueCodecProvider{}, DBRefCodecProvider{}, DBObjectCodecProvider{}, DocumentCodecProvider{}, CollectionCodecProvider{}, IterableCodecProvider{}, MapCodecProvider{}, GeoJsonCodecProvider{}, GridFSFileCodecProvider{}, Jsr310CodecProvider{}, JsonObjectCodecProvider{}, BsonCodecProvider{}, EnumCodecProvider{}, com.mongodb.client.model.mql.ExpressionCodecProvider@f810c18, com.mongodb.Jep395RecordCodecProvider@59f3426f, com.mongodb.KotlinCodecProvider@120411ec]}, loggerSettings=LoggerSettings{maxDocumentLength=1000}, clusterSettings={hosts=[localhost:27019], srvServiceName=mongodb, mode=SINGLE, requiredClusterType=UNKNOWN, requiredReplicaSetName='null', serverSelector='null', clusterListeners='[]', serverSelectionTimeout='30000 ms', localThreshold='15 ms'}, socketSettings=SocketSettings{connectTimeoutMS=10000, readTimeoutMS=0, receiveBufferSize=0, proxySettings=ProxySettings{host=null, port=null, username=null, password=null}}, heartbeatSocketSettings=SocketSettings{connectTimeoutMS=10000, readTimeoutMS=10000, receiveBufferSize=0, proxySettings=ProxySettings{host=null, port=null, username=null, password=null}}, connectionPoolSettings=ConnectionPoolSettings{maxSize=100, minSize=0, maxWaitTimeMS=120000, maxConnectionLifeTimeMS=0, maxConnectionIdleTimeMS=0, maintenanceInitialDelayMS=0, maintenanceFrequencyMS=60000, connectionPoolListeners=[io.micrometer.core.instrument.binder.mongodb.MongoMetricsConnectionPoolListener@6cc8adff], maxConnecting=2}, serverSettings=ServerSettings{heartbeatFrequencyMS=10000, minHeartbeatFrequencyMS=500, serverMonitoringMode=AUTO, serverListeners='[]', serverMonitorListeners='[]'}, sslSettings=SslSettings{enabled=false, invalidHostNameAllowed=false, context=null}, applicationName='null', compressorList=[], uuidRepresentation=JAVA_LEGACY, serverApi=null, autoEncryptionSettings=null, dnsClient=null, inetAddressResolver=null, contextProvider=null, timeoutMS=null}
2025-05-06T13:28:39.634-04:00  INFO 18793 --- [auth-service] [localhost:27019] org.mongodb.driver.cluster               : Monitor thread successfully connected to server with description ServerDescription{address=localhost:27019, type=STANDALONE, cryptd=false, state=CONNECTED, ok=true, minWireVersion=0, maxWireVersion=17, maxDocumentSize=16777216, logicalSessionTimeoutMinutes=30, roundTripTimeNanos=9465500, minRoundTripTimeNanos=0}
2025-05-06T13:28:39.895-04:00  INFO 18793 --- [auth-service] [           main] eAuthenticationProviderManagerConfigurer : Global AuthenticationManager configured with AuthenticationProvider bean with name artemisAuthenticationProvider
2025-05-06T13:28:40.063-04:00  INFO 18793 --- [auth-service] [           main] o.s.b.a.e.web.EndpointLinksResolver      : Exposing 1 endpoint beneath base path '/actuator'
2025-05-06T13:28:40.234-04:00  INFO 18793 --- [auth-service] [           main] DiscoveryClientOptionalArgsConfiguration : Eureka HTTP Client uses RestTemplate.
2025-05-06T13:28:40.252-04:00  WARN 18793 --- [auth-service] [           main] iguration$LoadBalancerCaffeineWarnLogger : Spring Cloud LoadBalancer is currently working with the default cache. While this cache implementation is useful for development and tests, it's recommended to use Caffeine cache in production.You can switch to using Caffeine cache, by adding it and org.springframework.cache.caffeine.CaffeineCacheManager to the classpath.
2025-05-06T13:28:40.284-04:00  INFO 18793 --- [auth-service] [           main] o.s.b.w.embedded.tomcat.TomcatWebServer  : Tomcat started on port 8080 (http) with context path '/'
2025-05-06T13:28:40.297-04:00  INFO 18793 --- [auth-service] [           main] c.b.artemis.AuthServiceApplication       : Started AuthServiceApplication in 1.917 seconds (process running for 2.301)
[INFO] 
[INFO] --- springdoc-openapi-maven-plugin:1.1:generate (default) @ auth-service ---
2025-05-06T13:28:40.683-04:00  INFO 18793 --- [auth-service] [nio-8080-exec-1] o.a.c.c.C.[Tomcat].[localhost].[/]       : Initializing Spring DispatcherServlet 'dispatcherServlet'
2025-05-06T13:28:40.684-04:00  INFO 18793 --- [auth-service] [nio-8080-exec-1] o.s.web.servlet.DispatcherServlet        : Initializing Servlet 'dispatcherServlet'
2025-05-06T13:28:40.685-04:00  INFO 18793 --- [auth-service] [nio-8080-exec-1] o.s.web.servlet.DispatcherServlet        : Completed initialization in 0 ms
2025-05-06T13:28:40.865-04:00  INFO 18793 --- [auth-service] [nio-8080-exec-1] o.springdoc.api.AbstractOpenApiResource  : Init duration for springdoc-openapi is: 151 ms
[INFO] 
[INFO] --- spring-boot-maven-plugin:3.4.4:stop (post-integration-test) @ auth-service ---
[INFO] Stopping application...
2025-05-06T13:28:40.905-04:00  INFO 18793 --- [auth-service] [on(2)-127.0.0.1] inMXBeanRegistrar$SpringApplicationAdmin : Application shutdown requested.
2025-05-06T13:28:40.907-04:00  INFO 18793 --- [auth-service] [on(2)-127.0.0.1] o.s.b.w.e.tomcat.GracefulShutdown        : Commencing graceful shutdown. Waiting for active requests to complete
2025-05-06T13:28:40.910-04:00  INFO 18793 --- [auth-service] [tomcat-shutdown] o.s.b.w.e.tomcat.GracefulShutdown        : Graceful shutdown complete
[INFO] 
[INFO] --- maven-gpg-plugin:1.5:sign (sign-artifacts) @ auth-service ---
[INFO] 
[INFO] --- maven-install-plugin:3.1.4:install (default-install) @ auth-service ---
[INFO] Installing /Users/balaji/Documents/mac-mini/Projects.nosync/artemis/services/auth-service/pom.xml to /Users/balaji/.m2/repository/com/brihaspathee/artemis/auth-service/1.0.2/auth-service-1.0.2.pom
[INFO] Installing /Users/balaji/Documents/mac-mini/Projects.nosync/artemis/services/auth-service/target/auth-service-1.0.2.jar to /Users/balaji/.m2/repository/com/brihaspathee/artemis/auth-service/1.0.2/auth-service-1.0.2.jar
[INFO] Installing /Users/balaji/Documents/mac-mini/Projects.nosync/artemis/services/auth-service/target/auth-service-1.0.2-sources.jar to /Users/balaji/.m2/repository/com/brihaspathee/artemis/auth-service/1.0.2/auth-service-1.0.2-sources.jar
[INFO] Installing /Users/balaji/Documents/mac-mini/Projects.nosync/artemis/services/auth-service/target/auth-service-1.0.2-javadoc.jar to /Users/balaji/.m2/repository/com/brihaspathee/artemis/auth-service/1.0.2/auth-service-1.0.2-javadoc.jar
[INFO] Installing /Users/balaji/Documents/mac-mini/Projects.nosync/artemis/services/auth-service/target/auth-service-1.0.2.jar.asc to /Users/balaji/.m2/repository/com/brihaspathee/artemis/auth-service/1.0.2/auth-service-1.0.2.jar.asc
[INFO] Installing /Users/balaji/Documents/mac-mini/Projects.nosync/artemis/services/auth-service/target/auth-service-1.0.2.pom.asc to /Users/balaji/.m2/repository/com/brihaspathee/artemis/auth-service/1.0.2/auth-service-1.0.2.pom.asc
[INFO] Installing /Users/balaji/Documents/mac-mini/Projects.nosync/artemis/services/auth-service/target/auth-service-1.0.2-sources.jar.asc to /Users/balaji/.m2/repository/com/brihaspathee/artemis/auth-service/1.0.2/auth-service-1.0.2-sources.jar.asc
[INFO] Installing /Users/balaji/Documents/mac-mini/Projects.nosync/artemis/services/auth-service/target/auth-service-1.0.2-javadoc.jar.asc to /Users/balaji/.m2/repository/com/brihaspathee/artemis/auth-service/1.0.2/auth-service-1.0.2-javadoc.jar.asc
[INFO] 
[INFO] --- central-publishing-maven-plugin:0.6.0:publish (injected-central-publishing) @ auth-service ---
[INFO] Using Central baseUrl: https://central.sonatype.com
[INFO] Using credentials from server id central in settings.xml
[INFO] Using Usertoken auth, with namecode: PxBaSSrO
[INFO] Staging 7 files
[INFO] Staging /Users/balaji/Documents/mac-mini/Projects.nosync/artemis/services/auth-service/target/auth-service-1.0.2.jar
[INFO] Installing /Users/balaji/Documents/mac-mini/Projects.nosync/artemis/services/auth-service/target/auth-service-1.0.2.jar to /Users/balaji/Documents/mac-mini/Projects.nosync/artemis/services/auth-service/target/central-staging/com/brihaspathee/artemis/auth-service/1.0.2/auth-service-1.0.2.jar
[INFO] Installing /Users/balaji/Documents/mac-mini/Projects.nosync/artemis/services/auth-service/pom.xml to /Users/balaji/Documents/mac-mini/Projects.nosync/artemis/services/auth-service/target/central-staging/com/brihaspathee/artemis/auth-service/1.0.2/auth-service-1.0.2.pom
[INFO] Staging /Users/balaji/Documents/mac-mini/Projects.nosync/artemis/services/auth-service/target/auth-service-1.0.2-sources.jar
[INFO] Installing /Users/balaji/Documents/mac-mini/Projects.nosync/artemis/services/auth-service/target/auth-service-1.0.2-sources.jar to /Users/balaji/Documents/mac-mini/Projects.nosync/artemis/services/auth-service/target/central-staging/com/brihaspathee/artemis/auth-service/1.0.2/auth-service-1.0.2-sources.jar
[INFO] Staging /Users/balaji/Documents/mac-mini/Projects.nosync/artemis/services/auth-service/target/auth-service-1.0.2-javadoc.jar
[INFO] Installing /Users/balaji/Documents/mac-mini/Projects.nosync/artemis/services/auth-service/target/auth-service-1.0.2-javadoc.jar to /Users/balaji/Documents/mac-mini/Projects.nosync/artemis/services/auth-service/target/central-staging/com/brihaspathee/artemis/auth-service/1.0.2/auth-service-1.0.2-javadoc.jar
[INFO] Staging /Users/balaji/Documents/mac-mini/Projects.nosync/artemis/services/auth-service/target/auth-service-1.0.2.jar.asc
[INFO] Installing /Users/balaji/Documents/mac-mini/Projects.nosync/artemis/services/auth-service/target/auth-service-1.0.2.jar.asc to /Users/balaji/Documents/mac-mini/Projects.nosync/artemis/services/auth-service/target/central-staging/com/brihaspathee/artemis/auth-service/1.0.2/auth-service-1.0.2.jar.asc
[INFO] Staging /Users/balaji/Documents/mac-mini/Projects.nosync/artemis/services/auth-service/target/auth-service-1.0.2.pom.asc
[INFO] Installing /Users/balaji/Documents/mac-mini/Projects.nosync/artemis/services/auth-service/target/auth-service-1.0.2.pom.asc to /Users/balaji/Documents/mac-mini/Projects.nosync/artemis/services/auth-service/target/central-staging/com/brihaspathee/artemis/auth-service/1.0.2/auth-service-1.0.2.pom.asc
[INFO] Staging /Users/balaji/Documents/mac-mini/Projects.nosync/artemis/services/auth-service/target/auth-service-1.0.2-sources.jar.asc
[INFO] Installing /Users/balaji/Documents/mac-mini/Projects.nosync/artemis/services/auth-service/target/auth-service-1.0.2-sources.jar.asc to /Users/balaji/Documents/mac-mini/Projects.nosync/artemis/services/auth-service/target/central-staging/com/brihaspathee/artemis/auth-service/1.0.2/auth-service-1.0.2-sources.jar.asc
[INFO] Staging /Users/balaji/Documents/mac-mini/Projects.nosync/artemis/services/auth-service/target/auth-service-1.0.2-javadoc.jar.asc
[INFO] Installing /Users/balaji/Documents/mac-mini/Projects.nosync/artemis/services/auth-service/target/auth-service-1.0.2-javadoc.jar.asc to /Users/balaji/Documents/mac-mini/Projects.nosync/artemis/services/auth-service/target/central-staging/com/brihaspathee/artemis/auth-service/1.0.2/auth-service-1.0.2-javadoc.jar.asc
[INFO] Pre Bundling - deleted /Users/balaji/Documents/mac-mini/Projects.nosync/artemis/services/auth-service/target/central-staging/com/brihaspathee/artemis/auth-service/maven-metadata-central-staging.xml
[INFO] Generate checksums for dir: com/brihaspathee/artemis/auth-service/1.0.2
[INFO] Going to create /Users/balaji/Documents/mac-mini/Projects.nosync/artemis/services/auth-service/target/central-publishing/central-bundle.zip by bundling content at /Users/balaji/Documents/mac-mini/Projects.nosync/artemis/services/auth-service/target/central-staging
[INFO] Created bundle successfully /Users/balaji/Documents/mac-mini/Projects.nosync/artemis/services/auth-service/target/central-staging/central-bundle.zip
[INFO] Going to upload /Users/balaji/Documents/mac-mini/Projects.nosync/artemis/services/auth-service/target/central-publishing/central-bundle.zip
[INFO] Uploaded bundle successfully, deployment name: Deployment, deploymentId: c3da83d6-c62b-4162-961f-b4aff4b493ed. Deployment will require manual publishing
[INFO] Waiting until Deployment c3da83d6-c62b-4162-961f-b4aff4b493ed is validated
[INFO] Deployment c3da83d6-c62b-4162-961f-b4aff4b493ed has been validated. To finish publishing visit https://central.sonatype.com/publishing/deployments
[INFO] ------------------------------------------------------------------------
[INFO] BUILD SUCCESS
[INFO] ------------------------------------------------------------------------
[INFO] Total time:  01:20 min
[INFO] Finished at: 2025-05-06T13:29:50-04:00
[INFO] ------------------------------------------------------------------------
